# Logfile created on 2014-04-08 23:47:06 -0400 by logger.rb/31641
I, [2014-04-08T23:47:06.583526 #404728]  INFO -- : 0:  rake (10.2.2) from /var/lib/stickshift/5342f2b7e0b8cd8d88000253/app-root/data/lib/ruby/gems/specifications/rake-10.2.2.gemspec
I, [2014-04-08T23:47:06.601590 #404728]  INFO -- : 0:  i18n (0.6.9) from /usr/libexec/openshift/cartridges/c9-0.1/root/lib/ruby/gems/specifications/i18n-0.6.9.gemspec
I, [2014-04-08T23:47:06.605346 #404728]  INFO -- : 0:  minitest (4.7.5) from /usr/libexec/openshift/cartridges/c9-0.1/root/lib/ruby/gems/specifications/minitest-4.7.5.gemspec
I, [2014-04-08T23:47:07.877384 #404728]  INFO -- : 0:  multi_json (1.9.2) from /var/lib/stickshift/5342f2b7e0b8cd8d88000253/app-root/data/lib/ruby/gems/specifications/multi_json-1.9.2.gemspec
I, [2014-04-08T23:47:10.196833 #404728]  INFO -- : 0:  thread_safe (0.3.3) from /var/lib/stickshift/5342f2b7e0b8cd8d88000253/app-root/data/lib/ruby/gems/specifications/thread_safe-0.3.3.gemspec
I, [2014-04-08T23:47:16.069160 #404728]  INFO -- : 0:  tzinfo (0.3.39) from /var/lib/stickshift/5342f2b7e0b8cd8d88000253/app-root/data/lib/ruby/gems/specifications/tzinfo-0.3.39.gemspec
I, [2014-04-08T23:47:19.772466 #404728]  INFO -- : 0:  activesupport (4.0.4) from /var/lib/stickshift/5342f2b7e0b8cd8d88000253/app-root/data/lib/ruby/gems/specifications/activesupport-4.0.4.gemspec
I, [2014-04-08T23:47:19.773166 #404728]  INFO -- : 0:  builder (3.1.4) from /usr/libexec/openshift/cartridges/c9-0.1/root/lib/ruby/gems/specifications/builder-3.1.4.gemspec
I, [2014-04-08T23:47:19.773645 #404728]  INFO -- : 0:  erubis (2.7.0) from /usr/libexec/openshift/cartridges/c9-0.1/root/lib/ruby/gems/specifications/erubis-2.7.0.gemspec
I, [2014-04-08T23:47:19.774090 #404728]  INFO -- : 0:  rack (1.5.2) from /usr/libexec/openshift/cartridges/c9-0.1/root/lib/ruby/gems/specifications/rack-1.5.2.gemspec
I, [2014-04-08T23:47:19.774528 #404728]  INFO -- : 0:  rack-test (0.6.2) from /usr/libexec/openshift/cartridges/c9-0.1/root/lib/ruby/gems/specifications/rack-test-0.6.2.gemspec
I, [2014-04-08T23:47:24.639529 #404728]  INFO -- : 0:  actionpack (4.0.4) from /var/lib/stickshift/5342f2b7e0b8cd8d88000253/app-root/data/lib/ruby/gems/specifications/actionpack-4.0.4.gemspec
I, [2014-04-08T23:47:24.646426 #404728]  INFO -- : 0:  mime-types (1.25.1) from /usr/libexec/openshift/cartridges/c9-0.1/root/lib/ruby/gems/specifications/mime-types-1.25.1.gemspec
I, [2014-04-08T23:47:26.782033 #404728]  INFO -- : 0:  polyglot (0.3.4) from /var/lib/stickshift/5342f2b7e0b8cd8d88000253/app-root/data/lib/ruby/gems/specifications/polyglot-0.3.4.gemspec
I, [2014-04-08T23:47:26.787047 #404728]  INFO -- : 0:  treetop (1.4.15) from /usr/libexec/openshift/cartridges/c9-0.1/root/lib/ruby/gems/specifications/treetop-1.4.15.gemspec
I, [2014-04-08T23:47:26.787802 #404728]  INFO -- : 0:  mail (2.5.4) from /usr/libexec/openshift/cartridges/c9-0.1/root/lib/ruby/gems/specifications/mail-2.5.4.gemspec
I, [2014-04-08T23:47:28.747186 #404728]  INFO -- : 0:  actionmailer (4.0.4) from /var/lib/stickshift/5342f2b7e0b8cd8d88000253/app-root/data/lib/ruby/gems/specifications/actionmailer-4.0.4.gemspec
I, [2014-04-08T23:47:30.952652 #404728]  INFO -- : 0:  activemodel (4.0.4) from /var/lib/stickshift/5342f2b7e0b8cd8d88000253/app-root/data/lib/ruby/gems/specifications/activemodel-4.0.4.gemspec
I, [2014-04-08T23:47:30.969588 #404728]  INFO -- : 0:  activerecord-deprecated_finders (1.0.3) from /usr/libexec/openshift/cartridges/c9-0.1/root/lib/ruby/gems/specifications/activerecord-deprecated_finders-1.0.3.gemspec
I, [2014-04-08T23:47:35.084158 #404728]  INFO -- : 0:  arel (4.0.2) from /var/lib/stickshift/5342f2b7e0b8cd8d88000253/app-root/data/lib/ruby/gems/specifications/arel-4.0.2.gemspec
I, [2014-04-08T23:47:42.653866 #404728]  INFO -- : 0:  activerecord (4.0.4) from /var/lib/stickshift/5342f2b7e0b8cd8d88000253/app-root/data/lib/ruby/gems/specifications/activerecord-4.0.4.gemspec
I, [2014-04-08T23:47:49.086485 #404728]  INFO -- : 0:  activerecord-jdbc-adapter (1.3.6) from /var/lib/stickshift/5342f2b7e0b8cd8d88000253/app-root/data/lib/ruby/gems/specifications/activerecord-jdbc-adapter-1.3.6.gemspec
I, [2014-04-08T23:47:54.532766 #404728]  INFO -- : 0:  jdbc-mysql (5.1.28) from /var/lib/stickshift/5342f2b7e0b8cd8d88000253/app-root/data/lib/ruby/gems/specifications/jdbc-mysql-5.1.28.gemspec
I, [2014-04-08T23:47:55.980012 #404728]  INFO -- : 0:  activerecord-jdbcmysql-adapter (1.3.6) from /var/lib/stickshift/5342f2b7e0b8cd8d88000253/app-root/data/lib/ruby/gems/specifications/activerecord-jdbcmysql-adapter-1.3.6.gemspec
I, [2014-04-08T23:47:55.980614 #404728]  INFO -- : 0:  bundler (1.5.1) from /usr/libexec/openshift/cartridges/c9-0.1/root/lib/ruby/gems/specifications/bundler-1.5.1.gemspec
I, [2014-04-08T23:47:57.609505 #404728]  INFO -- : 0:  coffee-script-source (1.7.0) from /var/lib/stickshift/5342f2b7e0b8cd8d88000253/app-root/data/lib/ruby/gems/specifications/coffee-script-source-1.7.0.gemspec
I, [2014-04-08T23:47:57.610227 #404728]  INFO -- : 0:  execjs (2.0.2) from /usr/libexec/openshift/cartridges/c9-0.1/root/lib/ruby/gems/specifications/execjs-2.0.2.gemspec
I, [2014-04-08T23:47:57.612234 #404728]  INFO -- : 0:  coffee-script (2.2.0) from /usr/libexec/openshift/cartridges/c9-0.1/root/lib/ruby/gems/specifications/coffee-script-2.2.0.gemspec
I, [2014-04-08T23:48:02.684907 #404728]  INFO -- : 0:  thor (0.19.1) from /var/lib/stickshift/5342f2b7e0b8cd8d88000253/app-root/data/lib/ruby/gems/specifications/thor-0.19.1.gemspec
I, [2014-04-08T23:48:08.534401 #404728]  INFO -- : 0:  railties (4.0.4) from /var/lib/stickshift/5342f2b7e0b8cd8d88000253/app-root/data/lib/ruby/gems/specifications/railties-4.0.4.gemspec
I, [2014-04-08T23:48:08.643836 #404728]  INFO -- : 0:  coffee-rails (4.0.1) from /usr/libexec/openshift/cartridges/c9-0.1/root/lib/ruby/gems/specifications/coffee-rails-4.0.1.gemspec
I, [2014-04-08T23:48:08.644500 #404728]  INFO -- : 0:  hike (1.2.3) from /usr/libexec/openshift/cartridges/c9-0.1/root/lib/ruby/gems/specifications/hike-1.2.3.gemspec
I, [2014-04-08T23:48:08.766546 #404728]  INFO -- : 0:  jbuilder (1.5.3) from /usr/libexec/openshift/cartridges/c9-0.1/root/lib/ruby/gems/specifications/jbuilder-1.5.3.gemspec
I, [2014-04-08T23:48:13.124325 #404728]  INFO -- : 0:  jquery-rails (3.1.0) from /var/lib/stickshift/5342f2b7e0b8cd8d88000253/app-root/data/lib/ruby/gems/specifications/jquery-rails-3.1.0.gemspec
I, [2014-04-08T23:48:13.148497 #404728]  INFO -- : 0:  json (1.8.1) from /usr/libexec/openshift/cartridges/c9-0.1/root/lib/ruby/gems/specifications/json-1.8.1.gemspec
I, [2014-04-08T23:48:13.156146 #404728]  INFO -- : 0:  tilt (1.4.1) from /usr/libexec/openshift/cartridges/c9-0.1/root/lib/ruby/gems/specifications/tilt-1.4.1.gemspec
I, [2014-04-08T23:48:15.669822 #404728]  INFO -- : 0:  sprockets (2.11.0) from /var/lib/stickshift/5342f2b7e0b8cd8d88000253/app-root/data/lib/ruby/gems/specifications/sprockets-2.11.0.gemspec
I, [2014-04-08T23:48:15.674437 #404728]  INFO -- : 0:  sprockets-rails (2.0.1) from /usr/libexec/openshift/cartridges/c9-0.1/root/lib/ruby/gems/specifications/sprockets-rails-2.0.1.gemspec
I, [2014-04-08T23:48:24.580231 #404728]  INFO -- : 0:  rails (4.0.4) from /var/lib/stickshift/5342f2b7e0b8cd8d88000253/app-root/data/lib/ruby/gems/specifications/rails-4.0.4.gemspec
I, [2014-04-08T23:48:24.580927 #404728]  INFO -- : 0:  rdoc (4.1.1) from /usr/libexec/openshift/cartridges/c9-0.1/root/lib/ruby/gems/specifications/rdoc-4.1.1.gemspec
I, [2014-04-08T23:48:29.763868 #404728]  INFO -- : 0:  sass (3.2.19) from /var/lib/stickshift/5342f2b7e0b8cd8d88000253/app-root/data/lib/ruby/gems/specifications/sass-3.2.19.gemspec
I, [2014-04-08T23:48:35.198869 #404728]  INFO -- : 0:  sass-rails (4.0.3) from /var/lib/stickshift/5342f2b7e0b8cd8d88000253/app-root/data/lib/ruby/gems/specifications/sass-rails-4.0.3.gemspec
I, [2014-04-08T23:48:35.256646 #404728]  INFO -- : 0:  sdoc (0.4.0) from /usr/libexec/openshift/cartridges/c9-0.1/root/lib/ruby/gems/specifications/sdoc-0.4.0.gemspec
I, [2014-04-08T23:48:38.209805 #404728]  INFO -- : 0:  therubyrhino_jar (1.7.4) from /var/lib/stickshift/5342f2b7e0b8cd8d88000253/app-root/data/lib/ruby/gems/specifications/therubyrhino_jar-1.7.4.gemspec
I, [2014-04-08T23:48:40.430039 #404728]  INFO -- : 0:  therubyrhino (2.0.3) from /var/lib/stickshift/5342f2b7e0b8cd8d88000253/app-root/data/lib/ruby/gems/specifications/therubyrhino-2.0.3.gemspec
I, [2014-04-08T23:48:44.503819 #404728]  INFO -- : 0:  turbolinks (2.2.2) from /var/lib/stickshift/5342f2b7e0b8cd8d88000253/app-root/data/lib/ruby/gems/specifications/turbolinks-2.2.2.gemspec
I, [2014-04-08T23:48:46.392165 #404728]  INFO -- : 0:  uglifier (2.5.0) from /var/lib/stickshift/5342f2b7e0b8cd8d88000253/app-root/data/lib/ruby/gems/specifications/uglifier-2.5.0.gemspec
I, [2014-04-08T23:49:26.268738 #410279]  INFO -- : 0:  rake (10.2.2) from /var/lib/stickshift/5342f2b7e0b8cd8d88000253/app-root/data/lib/ruby/gems/specifications/rake-10.2.2.gemspec
I, [2014-04-08T23:49:26.272884 #410279]  INFO -- : 0:  i18n (0.6.9) from /usr/libexec/openshift/cartridges/c9-0.1/root/lib/ruby/gems/specifications/i18n-0.6.9.gemspec
I, [2014-04-08T23:49:26.273346 #410279]  INFO -- : 0:  minitest (4.7.5) from /usr/libexec/openshift/cartridges/c9-0.1/root/lib/ruby/gems/specifications/minitest-4.7.5.gemspec
I, [2014-04-08T23:49:26.275907 #410279]  INFO -- : 0:  multi_json (1.9.2) from /var/lib/stickshift/5342f2b7e0b8cd8d88000253/app-root/data/lib/ruby/gems/specifications/multi_json-1.9.2.gemspec
I, [2014-04-08T23:49:26.278194 #410279]  INFO -- : 0:  thread_safe (0.3.3) from /var/lib/stickshift/5342f2b7e0b8cd8d88000253/app-root/data/lib/ruby/gems/specifications/thread_safe-0.3.3.gemspec
I, [2014-04-08T23:49:26.278694 #410279]  INFO -- : 0:  tzinfo (0.3.39) from /var/lib/stickshift/5342f2b7e0b8cd8d88000253/app-root/data/lib/ruby/gems/specifications/tzinfo-0.3.39.gemspec
I, [2014-04-08T23:49:26.283521 #410279]  INFO -- : 0:  activesupport (4.0.4) from /var/lib/stickshift/5342f2b7e0b8cd8d88000253/app-root/data/lib/ruby/gems/specifications/activesupport-4.0.4.gemspec
I, [2014-04-08T23:49:26.287220 #410279]  INFO -- : 0:  builder (3.1.4) from /usr/libexec/openshift/cartridges/c9-0.1/root/lib/ruby/gems/specifications/builder-3.1.4.gemspec
I, [2014-04-08T23:49:26.287796 #410279]  INFO -- : 0:  erubis (2.7.0) from /usr/libexec/openshift/cartridges/c9-0.1/root/lib/ruby/gems/specifications/erubis-2.7.0.gemspec
I, [2014-04-08T23:49:26.300259 #410279]  INFO -- : 0:  rack (1.5.2) from /usr/libexec/openshift/cartridges/c9-0.1/root/lib/ruby/gems/specifications/rack-1.5.2.gemspec
I, [2014-04-08T23:49:26.300763 #410279]  INFO -- : 0:  rack-test (0.6.2) from /usr/libexec/openshift/cartridges/c9-0.1/root/lib/ruby/gems/specifications/rack-test-0.6.2.gemspec
I, [2014-04-08T23:49:26.327521 #410279]  INFO -- : 0:  actionpack (4.0.4) from /var/lib/stickshift/5342f2b7e0b8cd8d88000253/app-root/data/lib/ruby/gems/specifications/actionpack-4.0.4.gemspec
I, [2014-04-08T23:49:26.333290 #410279]  INFO -- : 0:  mime-types (1.25.1) from /usr/libexec/openshift/cartridges/c9-0.1/root/lib/ruby/gems/specifications/mime-types-1.25.1.gemspec
I, [2014-04-08T23:49:26.333808 #410279]  INFO -- : 0:  polyglot (0.3.4) from /var/lib/stickshift/5342f2b7e0b8cd8d88000253/app-root/data/lib/ruby/gems/specifications/polyglot-0.3.4.gemspec
I, [2014-04-08T23:49:26.334340 #410279]  INFO -- : 0:  treetop (1.4.15) from /usr/libexec/openshift/cartridges/c9-0.1/root/lib/ruby/gems/specifications/treetop-1.4.15.gemspec
I, [2014-04-08T23:49:26.334766 #410279]  INFO -- : 0:  mail (2.5.4) from /usr/libexec/openshift/cartridges/c9-0.1/root/lib/ruby/gems/specifications/mail-2.5.4.gemspec
I, [2014-04-08T23:49:26.339918 #410279]  INFO -- : 0:  actionmailer (4.0.4) from /var/lib/stickshift/5342f2b7e0b8cd8d88000253/app-root/data/lib/ruby/gems/specifications/actionmailer-4.0.4.gemspec
I, [2014-04-08T23:49:26.340406 #410279]  INFO -- : 0:  activemodel (4.0.4) from /var/lib/stickshift/5342f2b7e0b8cd8d88000253/app-root/data/lib/ruby/gems/specifications/activemodel-4.0.4.gemspec
I, [2014-04-08T23:49:26.347542 #410279]  INFO -- : 0:  activerecord-deprecated_finders (1.0.3) from /usr/libexec/openshift/cartridges/c9-0.1/root/lib/ruby/gems/specifications/activerecord-deprecated_finders-1.0.3.gemspec
I, [2014-04-08T23:49:26.348368 #410279]  INFO -- : 0:  arel (4.0.2) from /var/lib/stickshift/5342f2b7e0b8cd8d88000253/app-root/data/lib/ruby/gems/specifications/arel-4.0.2.gemspec
I, [2014-04-08T23:49:26.348816 #410279]  INFO -- : 0:  activerecord (4.0.4) from /var/lib/stickshift/5342f2b7e0b8cd8d88000253/app-root/data/lib/ruby/gems/specifications/activerecord-4.0.4.gemspec
I, [2014-04-08T23:49:26.351415 #410279]  INFO -- : 0:  bundler (1.5.1) from /usr/libexec/openshift/cartridges/c9-0.1/root/lib/ruby/gems/specifications/bundler-1.5.1.gemspec
I, [2014-04-08T23:49:26.354665 #410279]  INFO -- : 0:  coffee-script-source (1.7.0) from /var/lib/stickshift/5342f2b7e0b8cd8d88000253/app-root/data/lib/ruby/gems/specifications/coffee-script-source-1.7.0.gemspec
I, [2014-04-08T23:49:26.355396 #410279]  INFO -- : 0:  execjs (2.0.2) from /usr/libexec/openshift/cartridges/c9-0.1/root/lib/ruby/gems/specifications/execjs-2.0.2.gemspec
I, [2014-04-08T23:49:26.356183 #410279]  INFO -- : 0:  coffee-script (2.2.0) from /usr/libexec/openshift/cartridges/c9-0.1/root/lib/ruby/gems/specifications/coffee-script-2.2.0.gemspec
I, [2014-04-08T23:49:26.356630 #410279]  INFO -- : 0:  thor (0.19.1) from /var/lib/stickshift/5342f2b7e0b8cd8d88000253/app-root/data/lib/ruby/gems/specifications/thor-0.19.1.gemspec
I, [2014-04-08T23:49:26.359782 #410279]  INFO -- : 0:  railties (4.0.4) from /var/lib/stickshift/5342f2b7e0b8cd8d88000253/app-root/data/lib/ruby/gems/specifications/railties-4.0.4.gemspec
I, [2014-04-08T23:49:26.361072 #410279]  INFO -- : 0:  coffee-rails (4.0.1) from /usr/libexec/openshift/cartridges/c9-0.1/root/lib/ruby/gems/specifications/coffee-rails-4.0.1.gemspec
I, [2014-04-08T23:49:26.361520 #410279]  INFO -- : 0:  hike (1.2.3) from /usr/libexec/openshift/cartridges/c9-0.1/root/lib/ruby/gems/specifications/hike-1.2.3.gemspec
I, [2014-04-08T23:49:26.364015 #410279]  INFO -- : 0:  jbuilder (1.5.3) from /usr/libexec/openshift/cartridges/c9-0.1/root/lib/ruby/gems/specifications/jbuilder-1.5.3.gemspec
I, [2014-04-08T23:49:26.364491 #410279]  INFO -- : 0:  jquery-rails (3.1.0) from /var/lib/stickshift/5342f2b7e0b8cd8d88000253/app-root/data/lib/ruby/gems/specifications/jquery-rails-3.1.0.gemspec
I, [2014-04-08T23:49:26.364986 #410279]  INFO -- : 0:  json (1.8.1) from /usr/libexec/openshift/cartridges/c9-0.1/root/lib/ruby/gems/specifications/json-1.8.1.gemspec
I, [2014-04-08T23:49:26.365404 #410279]  INFO -- : 0:  tilt (1.4.1) from /usr/libexec/openshift/cartridges/c9-0.1/root/lib/ruby/gems/specifications/tilt-1.4.1.gemspec
I, [2014-04-08T23:49:26.365825 #410279]  INFO -- : 0:  sprockets (2.11.0) from /var/lib/stickshift/5342f2b7e0b8cd8d88000253/app-root/data/lib/ruby/gems/specifications/sprockets-2.11.0.gemspec
I, [2014-04-08T23:49:26.368612 #410279]  INFO -- : 0:  sprockets-rails (2.0.1) from /usr/libexec/openshift/cartridges/c9-0.1/root/lib/ruby/gems/specifications/sprockets-rails-2.0.1.gemspec
I, [2014-04-08T23:49:26.369131 #410279]  INFO -- : 0:  rails (4.0.4) from /var/lib/stickshift/5342f2b7e0b8cd8d88000253/app-root/data/lib/ruby/gems/specifications/rails-4.0.4.gemspec
I, [2014-04-08T23:49:26.369548 #410279]  INFO -- : 0:  rdoc (4.1.1) from /usr/libexec/openshift/cartridges/c9-0.1/root/lib/ruby/gems/specifications/rdoc-4.1.1.gemspec
I, [2014-04-08T23:49:26.371860 #410279]  INFO -- : 0:  sass (3.2.19) from /var/lib/stickshift/5342f2b7e0b8cd8d88000253/app-root/data/lib/ruby/gems/specifications/sass-3.2.19.gemspec
I, [2014-04-08T23:49:26.372384 #410279]  INFO -- : 0:  sass-rails (4.0.3) from /var/lib/stickshift/5342f2b7e0b8cd8d88000253/app-root/data/lib/ruby/gems/specifications/sass-rails-4.0.3.gemspec
I, [2014-04-08T23:49:26.373625 #410279]  INFO -- : 0:  sdoc (0.4.0) from /usr/libexec/openshift/cartridges/c9-0.1/root/lib/ruby/gems/specifications/sdoc-0.4.0.gemspec
I, [2014-04-08T23:49:26.374198 #410279]  INFO -- : 0:  therubyrhino_jar (1.7.4) from /var/lib/stickshift/5342f2b7e0b8cd8d88000253/app-root/data/lib/ruby/gems/specifications/therubyrhino_jar-1.7.4.gemspec
I, [2014-04-08T23:49:26.374694 #410279]  INFO -- : 0:  therubyrhino (2.0.3) from /var/lib/stickshift/5342f2b7e0b8cd8d88000253/app-root/data/lib/ruby/gems/specifications/therubyrhino-2.0.3.gemspec
I, [2014-04-08T23:49:26.378520 #410279]  INFO -- : 0:  turbolinks (2.2.2) from /var/lib/stickshift/5342f2b7e0b8cd8d88000253/app-root/data/lib/ruby/gems/specifications/turbolinks-2.2.2.gemspec
I, [2014-04-08T23:49:26.379124 #410279]  INFO -- : 0:  uglifier (2.5.0) from /var/lib/stickshift/5342f2b7e0b8cd8d88000253/app-root/data/lib/ruby/gems/specifications/uglifier-2.5.0.gemspec
I, [2014-04-08T23:51:06.097577 #413103]  INFO -- : 0:  rake (10.2.2) from /var/lib/stickshift/5342f2b7e0b8cd8d88000253/app-root/data/lib/ruby/gems/specifications/rake-10.2.2.gemspec
I, [2014-04-08T23:51:06.098309 #413103]  INFO -- : 0:  i18n (0.6.9) from /usr/libexec/openshift/cartridges/c9-0.1/root/lib/ruby/gems/specifications/i18n-0.6.9.gemspec
I, [2014-04-08T23:51:06.098822 #413103]  INFO -- : 0:  minitest (4.7.5) from /usr/libexec/openshift/cartridges/c9-0.1/root/lib/ruby/gems/specifications/minitest-4.7.5.gemspec
I, [2014-04-08T23:51:06.104891 #413103]  INFO -- : 0:  multi_json (1.9.2) from /var/lib/stickshift/5342f2b7e0b8cd8d88000253/app-root/data/lib/ruby/gems/specifications/multi_json-1.9.2.gemspec
I, [2014-04-08T23:51:06.105389 #413103]  INFO -- : 0:  thread_safe (0.3.3) from /var/lib/stickshift/5342f2b7e0b8cd8d88000253/app-root/data/lib/ruby/gems/specifications/thread_safe-0.3.3.gemspec
I, [2014-04-08T23:51:06.112567 #413103]  INFO -- : 0:  tzinfo (0.3.39) from /var/lib/stickshift/5342f2b7e0b8cd8d88000253/app-root/data/lib/ruby/gems/specifications/tzinfo-0.3.39.gemspec
I, [2014-04-08T23:51:06.113160 #413103]  INFO -- : 0:  activesupport (4.0.4) from /var/lib/stickshift/5342f2b7e0b8cd8d88000253/app-root/data/lib/ruby/gems/specifications/activesupport-4.0.4.gemspec
I, [2014-04-08T23:51:06.113671 #413103]  INFO -- : 0:  builder (3.1.4) from /usr/libexec/openshift/cartridges/c9-0.1/root/lib/ruby/gems/specifications/builder-3.1.4.gemspec
I, [2014-04-08T23:51:06.114188 #413103]  INFO -- : 0:  erubis (2.7.0) from /usr/libexec/openshift/cartridges/c9-0.1/root/lib/ruby/gems/specifications/erubis-2.7.0.gemspec
I, [2014-04-08T23:51:06.114680 #413103]  INFO -- : 0:  rack (1.5.2) from /usr/libexec/openshift/cartridges/c9-0.1/root/lib/ruby/gems/specifications/rack-1.5.2.gemspec
I, [2014-04-08T23:51:06.119243 #413103]  INFO -- : 0:  rack-test (0.6.2) from /usr/libexec/openshift/cartridges/c9-0.1/root/lib/ruby/gems/specifications/rack-test-0.6.2.gemspec
I, [2014-04-08T23:51:06.119723 #413103]  INFO -- : 0:  actionpack (4.0.4) from /var/lib/stickshift/5342f2b7e0b8cd8d88000253/app-root/data/lib/ruby/gems/specifications/actionpack-4.0.4.gemspec
I, [2014-04-08T23:51:06.120277 #413103]  INFO -- : 0:  mime-types (1.25.1) from /usr/libexec/openshift/cartridges/c9-0.1/root/lib/ruby/gems/specifications/mime-types-1.25.1.gemspec
I, [2014-04-08T23:51:06.120789 #413103]  INFO -- : 0:  polyglot (0.3.4) from /var/lib/stickshift/5342f2b7e0b8cd8d88000253/app-root/data/lib/ruby/gems/specifications/polyglot-0.3.4.gemspec
I, [2014-04-08T23:51:06.121326 #413103]  INFO -- : 0:  treetop (1.4.15) from /usr/libexec/openshift/cartridges/c9-0.1/root/lib/ruby/gems/specifications/treetop-1.4.15.gemspec
I, [2014-04-08T23:51:06.121800 #413103]  INFO -- : 0:  mail (2.5.4) from /usr/libexec/openshift/cartridges/c9-0.1/root/lib/ruby/gems/specifications/mail-2.5.4.gemspec
I, [2014-04-08T23:51:06.133356 #413103]  INFO -- : 0:  actionmailer (4.0.4) from /var/lib/stickshift/5342f2b7e0b8cd8d88000253/app-root/data/lib/ruby/gems/specifications/actionmailer-4.0.4.gemspec
I, [2014-04-08T23:51:06.133813 #413103]  INFO -- : 0:  activemodel (4.0.4) from /var/lib/stickshift/5342f2b7e0b8cd8d88000253/app-root/data/lib/ruby/gems/specifications/activemodel-4.0.4.gemspec
I, [2014-04-08T23:51:06.134289 #413103]  INFO -- : 0:  activerecord-deprecated_finders (1.0.3) from /usr/libexec/openshift/cartridges/c9-0.1/root/lib/ruby/gems/specifications/activerecord-deprecated_finders-1.0.3.gemspec
I, [2014-04-08T23:51:06.134775 #413103]  INFO -- : 0:  arel (4.0.2) from /var/lib/stickshift/5342f2b7e0b8cd8d88000253/app-root/data/lib/ruby/gems/specifications/arel-4.0.2.gemspec
I, [2014-04-08T23:51:06.136259 #413103]  INFO -- : 0:  activerecord (4.0.4) from /var/lib/stickshift/5342f2b7e0b8cd8d88000253/app-root/data/lib/ruby/gems/specifications/activerecord-4.0.4.gemspec
I, [2014-04-08T23:51:06.136735 #413103]  INFO -- : 0:  bundler (1.5.1) from /usr/libexec/openshift/cartridges/c9-0.1/root/lib/ruby/gems/specifications/bundler-1.5.1.gemspec
I, [2014-04-08T23:51:06.137224 #413103]  INFO -- : 0:  coffee-script-source (1.7.0) from /var/lib/stickshift/5342f2b7e0b8cd8d88000253/app-root/data/lib/ruby/gems/specifications/coffee-script-source-1.7.0.gemspec
I, [2014-04-08T23:51:06.137680 #413103]  INFO -- : 0:  execjs (2.0.2) from /usr/libexec/openshift/cartridges/c9-0.1/root/lib/ruby/gems/specifications/execjs-2.0.2.gemspec
I, [2014-04-08T23:51:06.138152 #413103]  INFO -- : 0:  coffee-script (2.2.0) from /usr/libexec/openshift/cartridges/c9-0.1/root/lib/ruby/gems/specifications/coffee-script-2.2.0.gemspec
I, [2014-04-08T23:51:06.138626 #413103]  INFO -- : 0:  thor (0.19.1) from /var/lib/stickshift/5342f2b7e0b8cd8d88000253/app-root/data/lib/ruby/gems/specifications/thor-0.19.1.gemspec
I, [2014-04-08T23:51:06.139086 #413103]  INFO -- : 0:  railties (4.0.4) from /var/lib/stickshift/5342f2b7e0b8cd8d88000253/app-root/data/lib/ruby/gems/specifications/railties-4.0.4.gemspec
I, [2014-04-08T23:51:06.139534 #413103]  INFO -- : 0:  coffee-rails (4.0.1) from /usr/libexec/openshift/cartridges/c9-0.1/root/lib/ruby/gems/specifications/coffee-rails-4.0.1.gemspec
I, [2014-04-08T23:51:06.140002 #413103]  INFO -- : 0:  hike (1.2.3) from /usr/libexec/openshift/cartridges/c9-0.1/root/lib/ruby/gems/specifications/hike-1.2.3.gemspec
I, [2014-04-08T23:51:06.140454 #413103]  INFO -- : 0:  jbuilder (1.5.3) from /usr/libexec/openshift/cartridges/c9-0.1/root/lib/ruby/gems/specifications/jbuilder-1.5.3.gemspec
I, [2014-04-08T23:51:06.140923 #413103]  INFO -- : 0:  jquery-rails (3.1.0) from /var/lib/stickshift/5342f2b7e0b8cd8d88000253/app-root/data/lib/ruby/gems/specifications/jquery-rails-3.1.0.gemspec
I, [2014-04-08T23:51:06.141371 #413103]  INFO -- : 0:  json (1.8.1) from /usr/libexec/openshift/cartridges/c9-0.1/root/lib/ruby/gems/specifications/json-1.8.1.gemspec
I, [2014-04-08T23:51:27.962138 #413103]  INFO -- : 0:  mysql (2.9.1) from /var/lib/stickshift/5342f2b7e0b8cd8d88000253/app-root/data/lib/ruby/gems/specifications/mysql-2.9.1.gemspec
I, [2014-04-08T23:51:27.963735 #413103]  INFO -- : 0:  tilt (1.4.1) from /usr/libexec/openshift/cartridges/c9-0.1/root/lib/ruby/gems/specifications/tilt-1.4.1.gemspec
I, [2014-04-08T23:51:27.964375 #413103]  INFO -- : 0:  sprockets (2.11.0) from /var/lib/stickshift/5342f2b7e0b8cd8d88000253/app-root/data/lib/ruby/gems/specifications/sprockets-2.11.0.gemspec
I, [2014-04-08T23:51:27.965118 #413103]  INFO -- : 0:  sprockets-rails (2.0.1) from /usr/libexec/openshift/cartridges/c9-0.1/root/lib/ruby/gems/specifications/sprockets-rails-2.0.1.gemspec
I, [2014-04-08T23:51:27.985039 #413103]  INFO -- : 0:  rails (4.0.4) from /var/lib/stickshift/5342f2b7e0b8cd8d88000253/app-root/data/lib/ruby/gems/specifications/rails-4.0.4.gemspec
I, [2014-04-08T23:51:27.985707 #413103]  INFO -- : 0:  rdoc (4.1.1) from /usr/libexec/openshift/cartridges/c9-0.1/root/lib/ruby/gems/specifications/rdoc-4.1.1.gemspec
I, [2014-04-08T23:51:27.986239 #413103]  INFO -- : 0:  sass (3.2.19) from /var/lib/stickshift/5342f2b7e0b8cd8d88000253/app-root/data/lib/ruby/gems/specifications/sass-3.2.19.gemspec
I, [2014-04-08T23:51:27.988108 #413103]  INFO -- : 0:  sass-rails (4.0.3) from /var/lib/stickshift/5342f2b7e0b8cd8d88000253/app-root/data/lib/ruby/gems/specifications/sass-rails-4.0.3.gemspec
I, [2014-04-08T23:51:27.989679 #413103]  INFO -- : 0:  sdoc (0.4.0) from /usr/libexec/openshift/cartridges/c9-0.1/root/lib/ruby/gems/specifications/sdoc-0.4.0.gemspec
I, [2014-04-08T23:51:27.990274 #413103]  INFO -- : 0:  therubyrhino_jar (1.7.4) from /var/lib/stickshift/5342f2b7e0b8cd8d88000253/app-root/data/lib/ruby/gems/specifications/therubyrhino_jar-1.7.4.gemspec
I, [2014-04-08T23:51:27.990996 #413103]  INFO -- : 0:  therubyrhino (2.0.3) from /var/lib/stickshift/5342f2b7e0b8cd8d88000253/app-root/data/lib/ruby/gems/specifications/therubyrhino-2.0.3.gemspec
I, [2014-04-08T23:51:27.991714 #413103]  INFO -- : 0:  turbolinks (2.2.2) from /var/lib/stickshift/5342f2b7e0b8cd8d88000253/app-root/data/lib/ruby/gems/specifications/turbolinks-2.2.2.gemspec
I, [2014-04-08T23:51:27.992284 #413103]  INFO -- : 0:  uglifier (2.5.0) from /var/lib/stickshift/5342f2b7e0b8cd8d88000253/app-root/data/lib/ruby/gems/specifications/uglifier-2.5.0.gemspec
I, [2014-04-10T00:22:00.155441 #518575]  INFO -- : 0:  rake (10.2.2) from /var/lib/stickshift/53443ef35973ca8c2a000289/app-root/data/lib/ruby/gems/specifications/rake-10.2.2.gemspec
I, [2014-04-10T00:22:00.227222 #518575]  INFO -- : 0:  i18n (0.6.9) from /usr/libexec/openshift/cartridges/c9-0.1/root/lib/ruby/gems/specifications/i18n-0.6.9.gemspec
I, [2014-04-10T00:22:00.227763 #518575]  INFO -- : 0:  minitest (4.7.5) from /usr/libexec/openshift/cartridges/c9-0.1/root/lib/ruby/gems/specifications/minitest-4.7.5.gemspec
I, [2014-04-10T00:22:02.632742 #518575]  INFO -- : 0:  multi_json (1.9.2) from /var/lib/stickshift/53443ef35973ca8c2a000289/app-root/data/lib/ruby/gems/specifications/multi_json-1.9.2.gemspec
I, [2014-04-10T00:22:06.652292 #518575]  INFO -- : 0:  thread_safe (0.3.3) from /var/lib/stickshift/53443ef35973ca8c2a000289/app-root/data/lib/ruby/gems/specifications/thread_safe-0.3.3.gemspec
I, [2014-04-10T00:22:25.480952 #518575]  INFO -- : 0:  tzinfo (0.3.39) from /var/lib/stickshift/53443ef35973ca8c2a000289/app-root/data/lib/ruby/gems/specifications/tzinfo-0.3.39.gemspec
I, [2014-04-10T00:22:34.652128 #518575]  INFO -- : 0:  activesupport (4.0.4) from /var/lib/stickshift/53443ef35973ca8c2a000289/app-root/data/lib/ruby/gems/specifications/activesupport-4.0.4.gemspec
I, [2014-04-10T00:22:34.652880 #518575]  INFO -- : 0:  builder (3.1.4) from /usr/libexec/openshift/cartridges/c9-0.1/root/lib/ruby/gems/specifications/builder-3.1.4.gemspec
I, [2014-04-10T00:22:34.656605 #518575]  INFO -- : 0:  erubis (2.7.0) from /usr/libexec/openshift/cartridges/c9-0.1/root/lib/ruby/gems/specifications/erubis-2.7.0.gemspec
I, [2014-04-10T00:22:34.657150 #518575]  INFO -- : 0:  rack (1.5.2) from /usr/libexec/openshift/cartridges/c9-0.1/root/lib/ruby/gems/specifications/rack-1.5.2.gemspec
I, [2014-04-10T00:22:34.657596 #518575]  INFO -- : 0:  rack-test (0.6.2) from /usr/libexec/openshift/cartridges/c9-0.1/root/lib/ruby/gems/specifications/rack-test-0.6.2.gemspec
I, [2014-04-10T00:22:44.641611 #518575]  INFO -- : 0:  actionpack (4.0.4) from /var/lib/stickshift/53443ef35973ca8c2a000289/app-root/data/lib/ruby/gems/specifications/actionpack-4.0.4.gemspec
I, [2014-04-10T00:22:44.642370 #518575]  INFO -- : 0:  mime-types (1.25.1) from /usr/libexec/openshift/cartridges/c9-0.1/root/lib/ruby/gems/specifications/mime-types-1.25.1.gemspec
I, [2014-04-10T00:22:45.936519 #518575]  INFO -- : 0:  polyglot (0.3.4) from /var/lib/stickshift/53443ef35973ca8c2a000289/app-root/data/lib/ruby/gems/specifications/polyglot-0.3.4.gemspec
I, [2014-04-10T00:22:45.937382 #518575]  INFO -- : 0:  treetop (1.4.15) from /usr/libexec/openshift/cartridges/c9-0.1/root/lib/ruby/gems/specifications/treetop-1.4.15.gemspec
I, [2014-04-10T00:22:45.937885 #518575]  INFO -- : 0:  mail (2.5.4) from /usr/libexec/openshift/cartridges/c9-0.1/root/lib/ruby/gems/specifications/mail-2.5.4.gemspec
I, [2014-04-10T00:22:47.527129 #518575]  INFO -- : 0:  actionmailer (4.0.4) from /var/lib/stickshift/53443ef35973ca8c2a000289/app-root/data/lib/ruby/gems/specifications/actionmailer-4.0.4.gemspec
I, [2014-04-10T00:22:50.144174 #518575]  INFO -- : 0:  activemodel (4.0.4) from /var/lib/stickshift/53443ef35973ca8c2a000289/app-root/data/lib/ruby/gems/specifications/activemodel-4.0.4.gemspec
I, [2014-04-10T00:22:50.144931 #518575]  INFO -- : 0:  activerecord-deprecated_finders (1.0.3) from /usr/libexec/openshift/cartridges/c9-0.1/root/lib/ruby/gems/specifications/activerecord-deprecated_finders-1.0.3.gemspec
I, [2014-04-10T00:22:55.072420 #518575]  INFO -- : 0:  arel (4.0.2) from /var/lib/stickshift/53443ef35973ca8c2a000289/app-root/data/lib/ruby/gems/specifications/arel-4.0.2.gemspec
I, [2014-04-10T00:23:01.726824 #518575]  INFO -- : 0:  activerecord (4.0.4) from /var/lib/stickshift/53443ef35973ca8c2a000289/app-root/data/lib/ruby/gems/specifications/activerecord-4.0.4.gemspec
I, [2014-04-10T00:23:01.727546 #518575]  INFO -- : 0:  bundler (1.5.1) from /usr/libexec/openshift/cartridges/c9-0.1/root/lib/ruby/gems/specifications/bundler-1.5.1.gemspec
I, [2014-04-10T00:23:03.432127 #518575]  INFO -- : 0:  coffee-script-source (1.7.0) from /var/lib/stickshift/53443ef35973ca8c2a000289/app-root/data/lib/ruby/gems/specifications/coffee-script-source-1.7.0.gemspec
I, [2014-04-10T00:23:03.434221 #518575]  INFO -- : 0:  execjs (2.0.2) from /usr/libexec/openshift/cartridges/c9-0.1/root/lib/ruby/gems/specifications/execjs-2.0.2.gemspec
I, [2014-04-10T00:23:03.434716 #518575]  INFO -- : 0:  coffee-script (2.2.0) from /usr/libexec/openshift/cartridges/c9-0.1/root/lib/ruby/gems/specifications/coffee-script-2.2.0.gemspec
I, [2014-04-10T00:23:10.432986 #518575]  INFO -- : 0:  thor (0.19.1) from /var/lib/stickshift/53443ef35973ca8c2a000289/app-root/data/lib/ruby/gems/specifications/thor-0.19.1.gemspec
I, [2014-04-10T00:23:24.127568 #518575]  INFO -- : 0:  railties (4.0.4) from /var/lib/stickshift/53443ef35973ca8c2a000289/app-root/data/lib/ruby/gems/specifications/railties-4.0.4.gemspec
I, [2014-04-10T00:23:24.128533 #518575]  INFO -- : 0:  coffee-rails (4.0.1) from /usr/libexec/openshift/cartridges/c9-0.1/root/lib/ruby/gems/specifications/coffee-rails-4.0.1.gemspec
I, [2014-04-10T00:23:24.129597 #518575]  INFO -- : 0:  hike (1.2.3) from /usr/libexec/openshift/cartridges/c9-0.1/root/lib/ruby/gems/specifications/hike-1.2.3.gemspec
I, [2014-04-10T00:23:24.130146 #518575]  INFO -- : 0:  jbuilder (1.5.3) from /usr/libexec/openshift/cartridges/c9-0.1/root/lib/ruby/gems/specifications/jbuilder-1.5.3.gemspec
I, [2014-04-10T00:23:26.741911 #518575]  INFO -- : 0:  jquery-rails (3.1.0) from /var/lib/stickshift/53443ef35973ca8c2a000289/app-root/data/lib/ruby/gems/specifications/jquery-rails-3.1.0.gemspec
I, [2014-04-10T00:23:26.742832 #518575]  INFO -- : 0:  json (1.8.1) from /usr/libexec/openshift/cartridges/c9-0.1/root/lib/ruby/gems/specifications/json-1.8.1.gemspec
I, [2014-04-10T00:23:49.246359 #518575]  INFO -- : 0:  mysql (2.9.1) from /var/lib/stickshift/53443ef35973ca8c2a000289/app-root/data/lib/ruby/gems/specifications/mysql-2.9.1.gemspec
I, [2014-04-10T00:23:49.247699 #518575]  INFO -- : 0:  tilt (1.4.1) from /usr/libexec/openshift/cartridges/c9-0.1/root/lib/ruby/gems/specifications/tilt-1.4.1.gemspec
I, [2014-04-10T00:23:52.039409 #518575]  INFO -- : 0:  sprockets (2.11.0) from /var/lib/stickshift/53443ef35973ca8c2a000289/app-root/data/lib/ruby/gems/specifications/sprockets-2.11.0.gemspec
I, [2014-04-10T00:23:52.040342 #518575]  INFO -- : 0:  sprockets-rails (2.0.1) from /usr/libexec/openshift/cartridges/c9-0.1/root/lib/ruby/gems/specifications/sprockets-rails-2.0.1.gemspec
I, [2014-04-10T00:24:02.630451 #518575]  INFO -- : 0:  rails (4.0.4) from /var/lib/stickshift/53443ef35973ca8c2a000289/app-root/data/lib/ruby/gems/specifications/rails-4.0.4.gemspec
I, [2014-04-10T00:24:02.631686 #518575]  INFO -- : 0:  rdoc (4.1.1) from /usr/libexec/openshift/cartridges/c9-0.1/root/lib/ruby/gems/specifications/rdoc-4.1.1.gemspec
I, [2014-04-10T00:24:13.536994 #518575]  INFO -- : 0:  sass (3.2.19) from /var/lib/stickshift/53443ef35973ca8c2a000289/app-root/data/lib/ruby/gems/specifications/sass-3.2.19.gemspec
I, [2014-04-10T00:24:24.726007 #518575]  INFO -- : 0:  sass-rails (4.0.3) from /var/lib/stickshift/53443ef35973ca8c2a000289/app-root/data/lib/ruby/gems/specifications/sass-rails-4.0.3.gemspec
I, [2014-04-10T00:24:24.726932 #518575]  INFO -- : 0:  sdoc (0.4.0) from /usr/libexec/openshift/cartridges/c9-0.1/root/lib/ruby/gems/specifications/sdoc-0.4.0.gemspec
I, [2014-04-10T00:24:26.931129 #518575]  INFO -- : 0:  therubyrhino_jar (1.7.4) from /var/lib/stickshift/53443ef35973ca8c2a000289/app-root/data/lib/ruby/gems/specifications/therubyrhino_jar-1.7.4.gemspec
I, [2014-04-10T00:24:29.537522 #518575]  INFO -- : 0:  therubyrhino (2.0.3) from /var/lib/stickshift/53443ef35973ca8c2a000289/app-root/data/lib/ruby/gems/specifications/therubyrhino-2.0.3.gemspec
I, [2014-04-10T00:24:31.430567 #518575]  INFO -- : 0:  turbolinks (2.2.2) from /var/lib/stickshift/53443ef35973ca8c2a000289/app-root/data/lib/ruby/gems/specifications/turbolinks-2.2.2.gemspec
I, [2014-04-10T00:24:33.543913 #518575]  INFO -- : 0:  uglifier (2.5.0) from /var/lib/stickshift/53443ef35973ca8c2a000289/app-root/data/lib/ruby/gems/specifications/uglifier-2.5.0.gemspec
